<?xml version="1.0" encoding="utf-8"?><testsuites name="pytest tests"><testsuite name="pytest" errors="0" failures="0" skipped="1" tests="9" time="1.435" timestamp="2026-08-09T14:33:13.803851+00:00" hostname="agent-env-2bcece0a-0156-4eae-86f8-5edb21f4ad3b"><testcase classname="backend.tests.test_playbook_lead.TestPlaybookLead" name="test_happy_path_202" time="0.268" /><testcase classname="backend.tests.test_playbook_lead.TestPlaybookLead" name="test_idempotent_replay" time="0.308" /><testcase classname="backend.tests.test_playbook_lead.TestPlaybookLead" name="test_missing_required_422" time="0.144" /><testcase classname="backend.tests.test_playbook_lead.TestPlaybookLead" name="test_free_email_rejected" time="0.095" /><testcase classname="backend.tests.test_playbook_lead.TestPlaybookLead" name="test_honeypot_spam" time="0.106" /><testcase classname="backend.tests.test_playbook_lead.TestPlaybookLead" name="test_method_not_allowed" time="0.109"><skipped type="pytest.skip" message="405 body does not include error_code (FastAPI default handler)">/app/backend/tests/test_playbook_lead.py:102: 405 body does not include error_code (FastAPI default handler)</skipped></testcase><testcase classname="backend.tests.test_playbook_lead.TestPlaybookLead" name="test_idempotency_key_mismatch" time="0.090" /><testcase classname="backend.tests.test_playbook_lead.TestPlaybookLead" name="test_cross_origin_rejected" time="0.097" /><testcase classname="backend.tests.test_playbook_lead.TestPlaybookLead" name="test_download_pdf_available" time="0.155" /></testsuite></testsuites>