<?xml version="1.0" encoding="utf-8"?><testsuites name="pytest tests"><testsuite name="pytest" errors="0" failures="0" skipped="0" tests="9" time="0.792" timestamp="2026-06-12T17:17:32.237385+00:00" hostname="agent-env-92a02aea-f604-4f06-a14e-8e670cdd0fff"><testcase classname="backend.tests.backend_test.TestHealth" name="test_root" time="0.220" /><testcase classname="backend.tests.backend_test.TestHealth" name="test_health_email_disabled" time="0.046" /><testcase classname="backend.tests.backend_test.TestLeads" name="test_create_lead_full_payload" time="0.120" /><testcase classname="backend.tests.backend_test.TestLeads" name="test_create_lead_minimal_payload" time="0.044" /><testcase classname="backend.tests.backend_test.TestLeads" name="test_create_lead_invalid_email" time="0.050" /><testcase classname="backend.tests.backend_test.TestNewsletter" name="test_newsletter_valid_and_idempotent" time="0.107" /><testcase classname="backend.tests.backend_test.TestNewsletter" name="test_newsletter_invalid_email" time="0.042" /><testcase classname="backend.tests.backend_test.TestROI" name="test_roi_calculation_math" time="0.045" /><testcase classname="backend.tests.backend_test.TestROI" name="test_roi_invalid_input" time="0.041" /></testsuite></testsuites>